[0m20:45:08.847351 [debug] [MainThread]: Sending event: {'category': 'dbt', 'action': 'invocation', 'label': 'start', 'context': [<snowplow_tracker.self_describing_json.SelfDescribingJson object at 0x000002056E47B7A0>, <snowplow_tracker.self_describing_json.SelfDescribingJson object at 0x00000205708D6BA0>, <snowplow_tracker.self_describing_json.SelfDescribingJson object at 0x00000205701EB9B0>]}


============================== 20:45:08.873149 | 3790cb21-5640-4e7c-a1a9-d117eb492bd3 ==============================
[0m20:45:08.873149 [info ] [MainThread]: Running with dbt=1.8.3
[0m20:45:08.875145 [debug] [MainThread]: running dbt with arguments {'printer_width': '80', 'indirect_selection': 'eager', 'write_json': 'True', 'log_cache_events': 'False', 'partial_parse': 'True', 'cache_selected_only': 'False', 'profiles_dir': 'C:\\Users\\Victo\\.dbt', 'debug': 'False', 'warn_error': 'None', 'log_path': 'logs', 'version_check': 'True', 'fail_fast': 'False', 'use_colors': 'True', 'use_experimental_parser': 'False', 'no_print': 'None', 'quiet': 'False', 'empty': 'None', 'log_format': 'default', 'static_parser': 'True', 'invocation_command': 'dbt init dbt_projeto', 'introspect': 'True', 'target_path': 'None', 'warn_error_options': 'WarnErrorOptions(include=[], exclude=[])', 'send_anonymous_usage_stats': 'True'}
[0m20:45:08.892668 [debug] [MainThread]: Starter project path: C:\Users\Victo\Desktop\project\dbt\venv\Lib\site-packages\dbt\include\starter_project
[0m20:45:08.919295 [info ] [MainThread]: 
Your new dbt project "dbt_projeto" was created!

For more information on how to configure the profiles.yml file,
please consult the dbt documentation here:

  https://docs.getdbt.com/docs/configure-your-profile

One more thing:

Need help? Don't hesitate to reach out to us via GitHub issues or on Slack:

  https://community.getdbt.com/

Happy modeling!

[0m20:45:08.920799 [info ] [MainThread]: Setting up your profile.
[0m23:37:02.576357 [debug] [MainThread]: Sending event: {'category': 'dbt', 'action': 'invocation', 'label': 'start', 'context': [<snowplow_tracker.self_describing_json.SelfDescribingJson object at 0x0000021C2E205550>, <snowplow_tracker.self_describing_json.SelfDescribingJson object at 0x0000021C30BEB980>, <snowplow_tracker.self_describing_json.SelfDescribingJson object at 0x0000021C30BEAF00>]}


============================== 23:37:02.582871 | c53f8433-4bf0-4505-bfa1-3e8772dafcbf ==============================
[0m23:37:02.582871 [info ] [MainThread]: Running with dbt=1.8.3
[0m23:37:02.583867 [debug] [MainThread]: running dbt with arguments {'printer_width': '80', 'indirect_selection': 'eager', 'write_json': 'True', 'log_cache_events': 'False', 'partial_parse': 'True', 'cache_selected_only': 'False', 'warn_error': 'None', 'debug': 'False', 'profiles_dir': 'C:\\Users\\Victo\\.dbt', 'log_path': 'logs', 'fail_fast': 'False', 'version_check': 'True', 'use_colors': 'True', 'use_experimental_parser': 'False', 'empty': 'None', 'quiet': 'False', 'no_print': 'None', 'log_format': 'default', 'invocation_command': 'dbt init dbt_models', 'static_parser': 'True', 'introspect': 'True', 'target_path': 'None', 'warn_error_options': 'WarnErrorOptions(include=[], exclude=[])', 'send_anonymous_usage_stats': 'True'}
[0m23:37:02.615838 [debug] [MainThread]: Starter project path: C:\Users\Victo\Desktop\project\dbt\venv\Lib\site-packages\dbt\include\starter_project
[0m23:37:02.632756 [info ] [MainThread]: 
Your new dbt project "dbt_models" was created!

For more information on how to configure the profiles.yml file,
please consult the dbt documentation here:

  https://docs.getdbt.com/docs/configure-your-profile

One more thing:

Need help? Don't hesitate to reach out to us via GitHub issues or on Slack:

  https://community.getdbt.com/

Happy modeling!

[0m23:37:02.632756 [info ] [MainThread]: Setting up your profile.
[0m23:38:13.659126 [info ] [MainThread]: Profile dbt_models written to C:\Users\Victo\.dbt\profiles.yml using target's profile_template.yml and your supplied values. Run 'dbt debug' to validate the connection.
[0m23:38:13.661124 [debug] [MainThread]: Command `dbt init` succeeded at 23:38:13.660126 after 71.18 seconds
[0m23:38:13.661124 [debug] [MainThread]: Sending event: {'category': 'dbt', 'action': 'invocation', 'label': 'end', 'context': [<snowplow_tracker.self_describing_json.SelfDescribingJson object at 0x0000021C317B3080>, <snowplow_tracker.self_describing_json.SelfDescribingJson object at 0x0000021C31CB5610>, <snowplow_tracker.self_describing_json.SelfDescribingJson object at 0x0000021C3132AED0>]}
[0m23:38:13.661124 [debug] [MainThread]: Flushing usage events
[0m23:39:38.205018 [debug] [MainThread]: Sending event: {'category': 'dbt', 'action': 'invocation', 'label': 'start', 'context': [<snowplow_tracker.self_describing_json.SelfDescribingJson object at 0x00000205A6405550>, <snowplow_tracker.self_describing_json.SelfDescribingJson object at 0x00000205A95039E0>, <snowplow_tracker.self_describing_json.SelfDescribingJson object at 0x00000205A9503BC0>]}


============================== 23:39:38.208569 | cbaf52ce-1bbe-404f-b8c5-740c5cee983e ==============================
[0m23:39:38.208569 [info ] [MainThread]: Running with dbt=1.8.3
[0m23:39:38.209565 [debug] [MainThread]: running dbt with arguments {'printer_width': '80', 'indirect_selection': 'eager', 'log_cache_events': 'False', 'write_json': 'True', 'partial_parse': 'True', 'cache_selected_only': 'False', 'warn_error': 'None', 'debug': 'False', 'profiles_dir': 'C:\\Users\\Victo\\.dbt', 'log_path': 'logs', 'fail_fast': 'False', 'version_check': 'True', 'use_colors': 'True', 'use_experimental_parser': 'False', 'no_print': 'None', 'quiet': 'False', 'empty': 'None', 'warn_error_options': 'WarnErrorOptions(include=[], exclude=[])', 'static_parser': 'True', 'log_format': 'default', 'invocation_command': 'dbt debug', 'target_path': 'None', 'introspect': 'True', 'send_anonymous_usage_stats': 'True'}
[0m23:39:38.225565 [info ] [MainThread]: dbt version: 1.8.3
[0m23:39:38.225565 [info ] [MainThread]: python version: 3.12.2
[0m23:39:38.226561 [info ] [MainThread]: python path: C:\Users\Victo\Desktop\project\dbt\venv\Scripts\python.exe
[0m23:39:38.226561 [info ] [MainThread]: os info: Windows-11-10.0.22631-SP0
[0m23:39:38.278621 [info ] [MainThread]: Using profiles dir at C:\Users\Victo\.dbt
[0m23:39:38.285106 [info ] [MainThread]: Using profiles.yml file at C:\Users\Victo\.dbt\profiles.yml
[0m23:39:38.285106 [info ] [MainThread]: Using dbt_project.yml file at C:\Users\Victo\Desktop\project\dbt\dbt_project.yml
[0m23:39:38.286102 [info ] [MainThread]: adapter type: postgres
[0m23:39:38.287608 [info ] [MainThread]: adapter version: 1.8.2
[0m23:39:38.287608 [info ] [MainThread]: Configuration:
[0m23:39:38.287608 [info ] [MainThread]:   profiles.yml file [[32mOK found and valid[0m]
[0m23:39:38.288619 [info ] [MainThread]:   dbt_project.yml file [[31mERROR not found[0m]
[0m23:39:38.288619 [info ] [MainThread]: Required dependencies:
[0m23:39:38.289617 [debug] [MainThread]: Executing "git --help"
[0m23:39:38.318041 [debug] [MainThread]: STDOUT: "b"usage: git [-v | --version] [-h | --help] [-C <path>] [-c <name>=<value>]\n           [--exec-path[=<path>]] [--html-path] [--man-path] [--info-path]\n           [-p | --paginate | -P | --no-pager] [--no-replace-objects] [--bare]\n           [--git-dir=<path>] [--work-tree=<path>] [--namespace=<name>]\n           [--config-env=<name>=<envvar>] <command> [<args>]\n\nThese are common Git commands used in various situations:\n\nstart a working area (see also: git help tutorial)\n   clone     Clone a repository into a new directory\n   init      Create an empty Git repository or reinitialize an existing one\n\nwork on the current change (see also: git help everyday)\n   add       Add file contents to the index\n   mv        Move or rename a file, a directory, or a symlink\n   restore   Restore working tree files\n   rm        Remove files from the working tree and from the index\n\nexamine the history and state (see also: git help revisions)\n   bisect    Use binary search to find the commit that introduced a bug\n   diff      Show changes between commits, commit and working tree, etc\n   grep      Print lines matching a pattern\n   log       Show commit logs\n   show      Show various types of objects\n   status    Show the working tree status\n\ngrow, mark and tweak your common history\n   branch    List, create, or delete branches\n   commit    Record changes to the repository\n   merge     Join two or more development histories together\n   rebase    Reapply commits on top of another base tip\n   reset     Reset current HEAD to the specified state\n   switch    Switch branches\n   tag       Create, list, delete or verify a tag object signed with GPG\n\ncollaborate (see also: git help workflows)\n   fetch     Download objects and refs from another repository\n   pull      Fetch from and integrate with another repository or a local branch\n   push      Update remote refs along with associated objects\n\n'git help -a' and 'git help -g' list available subcommands and some\nconcept guides. See 'git help <command>' or 'git help <concept>'\nto read about a specific subcommand or concept.\nSee 'git help git' for an overview of the system.\n""
[0m23:39:38.319543 [debug] [MainThread]: STDERR: "b''"
[0m23:39:38.319543 [info ] [MainThread]:  - git [[32mOK found[0m]

[0m23:39:38.320548 [info ] [MainThread]: Connection:
[0m23:39:38.321547 [info ] [MainThread]:   host: localhost
[0m23:39:38.321547 [info ] [MainThread]:   port: 5432
[0m23:39:38.321547 [info ] [MainThread]:   user: postgres
[0m23:39:38.322935 [info ] [MainThread]:   database: livraria
[0m23:39:38.322935 [info ] [MainThread]:   schema: public
[0m23:39:38.322935 [info ] [MainThread]:   connect_timeout: 10
[0m23:39:38.323934 [info ] [MainThread]:   role: None
[0m23:39:38.323934 [info ] [MainThread]:   search_path: None
[0m23:39:38.324934 [info ] [MainThread]:   keepalives_idle: 0
[0m23:39:38.324934 [info ] [MainThread]:   sslmode: None
[0m23:39:38.325928 [info ] [MainThread]:   sslcert: None
[0m23:39:38.325928 [info ] [MainThread]:   sslkey: None
[0m23:39:38.325928 [info ] [MainThread]:   sslrootcert: None
[0m23:39:38.326924 [info ] [MainThread]:   application_name: dbt
[0m23:39:38.326924 [info ] [MainThread]:   retries: 1
[0m23:39:38.327920 [info ] [MainThread]: Registered adapter: postgres=1.8.2
[0m23:39:38.328422 [debug] [MainThread]: Acquiring new postgres connection 'debug'
[0m23:39:40.199098 [debug] [MainThread]: Using postgres connection "debug"
[0m23:39:40.199098 [debug] [MainThread]: On debug: select 1 as id
[0m23:39:40.200098 [debug] [MainThread]: Opening a new connection, currently in state init
[0m23:39:40.572303 [debug] [MainThread]: SQL status: SELECT 1 in 0.372 seconds
[0m23:39:40.573299 [debug] [MainThread]: On debug: Close
[0m23:39:40.574797 [info ] [MainThread]:   Connection test: [[32mOK connection ok[0m]

[0m23:39:40.575798 [info ] [MainThread]: [31m1 check failed:[0m
[0m23:39:40.575798 [info ] [MainThread]: Project loading failed for the following reason:
 project path <C:\Users\Victo\Desktop\project\dbt\dbt_project.yml> not found

[0m23:39:40.576794 [debug] [MainThread]: Command `dbt debug` failed at 23:39:40.576794 after 2.46 seconds
[0m23:39:40.577789 [debug] [MainThread]: Connection 'debug' was properly closed.
[0m23:39:40.577789 [debug] [MainThread]: Sending event: {'category': 'dbt', 'action': 'invocation', 'label': 'end', 'context': [<snowplow_tracker.self_describing_json.SelfDescribingJson object at 0x00000205A6405550>, <snowplow_tracker.self_describing_json.SelfDescribingJson object at 0x00000205A57A6690>, <snowplow_tracker.self_describing_json.SelfDescribingJson object at 0x00000205A9DF2750>]}
[0m23:39:40.578292 [debug] [MainThread]: Flushing usage events
[0m23:40:38.549094 [debug] [MainThread]: Sending event: {'category': 'dbt', 'action': 'invocation', 'label': 'start', 'context': [<snowplow_tracker.self_describing_json.SelfDescribingJson object at 0x00000217BB5266F0>, <snowplow_tracker.self_describing_json.SelfDescribingJson object at 0x00000217BE3D6D80>, <snowplow_tracker.self_describing_json.SelfDescribingJson object at 0x00000217BE3D7170>]}


============================== 23:40:38.552600 | aa1b476b-5bf8-477f-8b10-004f2b3fbe55 ==============================
[0m23:40:38.552600 [info ] [MainThread]: Running with dbt=1.8.3
[0m23:40:38.553596 [debug] [MainThread]: running dbt with arguments {'printer_width': '80', 'indirect_selection': 'eager', 'write_json': 'True', 'log_cache_events': 'False', 'partial_parse': 'True', 'cache_selected_only': 'False', 'warn_error': 'None', 'version_check': 'True', 'profiles_dir': 'C:\\Users\\Victo\\.dbt', 'log_path': 'logs', 'fail_fast': 'False', 'debug': 'False', 'use_colors': 'True', 'use_experimental_parser': 'False', 'no_print': 'None', 'quiet': 'False', 'empty': 'None', 'warn_error_options': 'WarnErrorOptions(include=[], exclude=[])', 'static_parser': 'True', 'introspect': 'True', 'invocation_command': 'dbt debug', 'target_path': 'None', 'log_format': 'default', 'send_anonymous_usage_stats': 'True'}
[0m23:40:38.568580 [info ] [MainThread]: dbt version: 1.8.3
[0m23:40:38.569574 [info ] [MainThread]: python version: 3.12.2
[0m23:40:38.569574 [info ] [MainThread]: python path: C:\Users\Victo\Desktop\project\dbt\venv\Scripts\python.exe
[0m23:40:38.570569 [info ] [MainThread]: os info: Windows-11-10.0.22631-SP0
[0m23:40:38.621630 [info ] [MainThread]: Using profiles dir at C:\Users\Victo\.dbt
[0m23:40:38.621630 [info ] [MainThread]: Using profiles.yml file at C:\Users\Victo\.dbt\profiles.yml
[0m23:40:38.622627 [info ] [MainThread]: Using dbt_project.yml file at C:\Users\Victo\Desktop\project\dbt\dbt_project.yml
[0m23:40:38.624136 [info ] [MainThread]: adapter type: postgres
[0m23:40:38.624136 [info ] [MainThread]: adapter version: 1.8.2
[0m23:40:38.625131 [info ] [MainThread]: Configuration:
[0m23:40:38.625131 [info ] [MainThread]:   profiles.yml file [[32mOK found and valid[0m]
[0m23:40:38.626127 [info ] [MainThread]:   dbt_project.yml file [[31mERROR not found[0m]
[0m23:40:38.626127 [info ] [MainThread]: Required dependencies:
[0m23:40:38.626127 [debug] [MainThread]: Executing "git --help"
[0m23:40:38.652527 [debug] [MainThread]: STDOUT: "b"usage: git [-v | --version] [-h | --help] [-C <path>] [-c <name>=<value>]\n           [--exec-path[=<path>]] [--html-path] [--man-path] [--info-path]\n           [-p | --paginate | -P | --no-pager] [--no-replace-objects] [--bare]\n           [--git-dir=<path>] [--work-tree=<path>] [--namespace=<name>]\n           [--config-env=<name>=<envvar>] <command> [<args>]\n\nThese are common Git commands used in various situations:\n\nstart a working area (see also: git help tutorial)\n   clone     Clone a repository into a new directory\n   init      Create an empty Git repository or reinitialize an existing one\n\nwork on the current change (see also: git help everyday)\n   add       Add file contents to the index\n   mv        Move or rename a file, a directory, or a symlink\n   restore   Restore working tree files\n   rm        Remove files from the working tree and from the index\n\nexamine the history and state (see also: git help revisions)\n   bisect    Use binary search to find the commit that introduced a bug\n   diff      Show changes between commits, commit and working tree, etc\n   grep      Print lines matching a pattern\n   log       Show commit logs\n   show      Show various types of objects\n   status    Show the working tree status\n\ngrow, mark and tweak your common history\n   branch    List, create, or delete branches\n   commit    Record changes to the repository\n   merge     Join two or more development histories together\n   rebase    Reapply commits on top of another base tip\n   reset     Reset current HEAD to the specified state\n   switch    Switch branches\n   tag       Create, list, delete or verify a tag object signed with GPG\n\ncollaborate (see also: git help workflows)\n   fetch     Download objects and refs from another repository\n   pull      Fetch from and integrate with another repository or a local branch\n   push      Update remote refs along with associated objects\n\n'git help -a' and 'git help -g' list available subcommands and some\nconcept guides. See 'git help <command>' or 'git help <concept>'\nto read about a specific subcommand or concept.\nSee 'git help git' for an overview of the system.\n""
[0m23:40:38.653525 [debug] [MainThread]: STDERR: "b''"
[0m23:40:38.653525 [info ] [MainThread]:  - git [[32mOK found[0m]

[0m23:40:38.654522 [info ] [MainThread]: Connection:
[0m23:40:38.654522 [info ] [MainThread]:   host: localhost
[0m23:40:38.654522 [info ] [MainThread]:   port: 5432
[0m23:40:38.656027 [info ] [MainThread]:   user: postgres
[0m23:40:38.656027 [info ] [MainThread]:   database: livraria
[0m23:40:38.656027 [info ] [MainThread]:   schema: public
[0m23:40:38.656027 [info ] [MainThread]:   connect_timeout: 10
[0m23:40:38.657539 [info ] [MainThread]:   role: None
[0m23:40:38.657539 [info ] [MainThread]:   search_path: None
[0m23:40:38.657539 [info ] [MainThread]:   keepalives_idle: 0
[0m23:40:38.658552 [info ] [MainThread]:   sslmode: None
[0m23:40:38.658552 [info ] [MainThread]:   sslcert: None
[0m23:40:38.658552 [info ] [MainThread]:   sslkey: None
[0m23:40:38.659549 [info ] [MainThread]:   sslrootcert: None
[0m23:40:38.659549 [info ] [MainThread]:   application_name: dbt
[0m23:40:38.660549 [info ] [MainThread]:   retries: 1
[0m23:40:38.660549 [info ] [MainThread]: Registered adapter: postgres=1.8.2
[0m23:40:38.661546 [debug] [MainThread]: Acquiring new postgres connection 'debug'
[0m23:40:38.716137 [debug] [MainThread]: Using postgres connection "debug"
[0m23:40:38.716137 [debug] [MainThread]: On debug: select 1 as id
[0m23:40:38.716137 [debug] [MainThread]: Opening a new connection, currently in state init
[0m23:40:38.864160 [debug] [MainThread]: SQL status: SELECT 1 in 0.147 seconds
[0m23:40:38.865665 [debug] [MainThread]: On debug: Close
[0m23:40:38.865665 [info ] [MainThread]:   Connection test: [[32mOK connection ok[0m]

[0m23:40:38.866673 [info ] [MainThread]: [31m1 check failed:[0m
[0m23:40:38.866673 [info ] [MainThread]: Project loading failed for the following reason:
 project path <C:\Users\Victo\Desktop\project\dbt\dbt_project.yml> not found

[0m23:40:38.869174 [debug] [MainThread]: Command `dbt debug` failed at 23:40:38.868173 after 0.41 seconds
[0m23:40:38.869174 [debug] [MainThread]: Connection 'debug' was properly closed.
[0m23:40:38.869174 [debug] [MainThread]: Sending event: {'category': 'dbt', 'action': 'invocation', 'label': 'end', 'context': [<snowplow_tracker.self_describing_json.SelfDescribingJson object at 0x00000217BB64EAE0>, <snowplow_tracker.self_describing_json.SelfDescribingJson object at 0x00000217BE1BDD00>, <snowplow_tracker.self_describing_json.SelfDescribingJson object at 0x00000217BE1BD460>]}
[0m23:40:38.870176 [debug] [MainThread]: Flushing usage events
[0m23:09:18.669112 [debug] [MainThread]: Sending event: {'category': 'dbt', 'action': 'invocation', 'label': 'start', 'context': [<snowplow_tracker.self_describing_json.SelfDescribingJson object at 0x00000149BEF56CC0>, <snowplow_tracker.self_describing_json.SelfDescribingJson object at 0x00000149BF063B00>, <snowplow_tracker.self_describing_json.SelfDescribingJson object at 0x00000149BF6D08C0>]}


============================== 23:09:18.676610 | f1c75b55-008b-4555-b450-13593cb78efe ==============================
[0m23:09:18.676610 [info ] [MainThread]: Running with dbt=1.8.3
[0m23:09:18.677608 [debug] [MainThread]: running dbt with arguments {'printer_width': '80', 'indirect_selection': 'eager', 'write_json': 'True', 'log_cache_events': 'False', 'partial_parse': 'True', 'cache_selected_only': 'False', 'warn_error': 'None', 'fail_fast': 'False', 'version_check': 'True', 'log_path': 'logs', 'debug': 'False', 'profiles_dir': 'C:\\Users\\Victo\\.dbt', 'use_colors': 'True', 'use_experimental_parser': 'False', 'no_print': 'None', 'quiet': 'False', 'empty': 'None', 'warn_error_options': 'WarnErrorOptions(include=[], exclude=[])', 'introspect': 'True', 'log_format': 'default', 'invocation_command': 'dbt debug', 'target_path': 'None', 'static_parser': 'True', 'send_anonymous_usage_stats': 'True'}
[0m23:09:18.707655 [info ] [MainThread]: dbt version: 1.8.3
[0m23:09:18.707655 [info ] [MainThread]: python version: 3.12.2
[0m23:09:18.708652 [info ] [MainThread]: python path: C:\Users\Victo\Desktop\project\dbt\venv\Scripts\python.exe
[0m23:09:18.708652 [info ] [MainThread]: os info: Windows-11-10.0.22631-SP0
[0m23:09:18.826219 [info ] [MainThread]: Using profiles dir at C:\Users\Victo\.dbt
[0m23:09:18.827220 [info ] [MainThread]: Using profiles.yml file at C:\Users\Victo\.dbt\profiles.yml
[0m23:09:18.827220 [info ] [MainThread]: Using dbt_project.yml file at C:\Users\Victo\Desktop\project\dbt\dbt_project.yml
[0m23:09:18.828214 [info ] [MainThread]: adapter type: postgres
[0m23:09:18.829720 [info ] [MainThread]: adapter version: 1.8.2
[0m23:09:18.829720 [info ] [MainThread]: Configuration:
[0m23:09:18.829720 [info ] [MainThread]:   profiles.yml file [[32mOK found and valid[0m]
[0m23:09:18.830725 [info ] [MainThread]:   dbt_project.yml file [[31mERROR not found[0m]
[0m23:09:18.830725 [info ] [MainThread]: Required dependencies:
[0m23:09:18.830725 [debug] [MainThread]: Executing "git --help"
[0m23:09:18.859841 [debug] [MainThread]: STDOUT: "b"usage: git [-v | --version] [-h | --help] [-C <path>] [-c <name>=<value>]\n           [--exec-path[=<path>]] [--html-path] [--man-path] [--info-path]\n           [-p | --paginate | -P | --no-pager] [--no-replace-objects] [--bare]\n           [--git-dir=<path>] [--work-tree=<path>] [--namespace=<name>]\n           [--config-env=<name>=<envvar>] <command> [<args>]\n\nThese are common Git commands used in various situations:\n\nstart a working area (see also: git help tutorial)\n   clone     Clone a repository into a new directory\n   init      Create an empty Git repository or reinitialize an existing one\n\nwork on the current change (see also: git help everyday)\n   add       Add file contents to the index\n   mv        Move or rename a file, a directory, or a symlink\n   restore   Restore working tree files\n   rm        Remove files from the working tree and from the index\n\nexamine the history and state (see also: git help revisions)\n   bisect    Use binary search to find the commit that introduced a bug\n   diff      Show changes between commits, commit and working tree, etc\n   grep      Print lines matching a pattern\n   log       Show commit logs\n   show      Show various types of objects\n   status    Show the working tree status\n\ngrow, mark and tweak your common history\n   branch    List, create, or delete branches\n   commit    Record changes to the repository\n   merge     Join two or more development histories together\n   rebase    Reapply commits on top of another base tip\n   reset     Reset current HEAD to the specified state\n   switch    Switch branches\n   tag       Create, list, delete or verify a tag object signed with GPG\n\ncollaborate (see also: git help workflows)\n   fetch     Download objects and refs from another repository\n   pull      Fetch from and integrate with another repository or a local branch\n   push      Update remote refs along with associated objects\n\n'git help -a' and 'git help -g' list available subcommands and some\nconcept guides. See 'git help <command>' or 'git help <concept>'\nto read about a specific subcommand or concept.\nSee 'git help git' for an overview of the system.\n""
[0m23:09:18.860838 [debug] [MainThread]: STDERR: "b''"
[0m23:09:18.860838 [info ] [MainThread]:  - git [[32mOK found[0m]

[0m23:09:18.860838 [info ] [MainThread]: Connection:
[0m23:09:18.862583 [info ] [MainThread]:   host: localhost
[0m23:09:18.863088 [info ] [MainThread]:   port: 5432
[0m23:09:18.863088 [info ] [MainThread]:   user: postgres
[0m23:09:18.863088 [info ] [MainThread]:   database: dbt_dev
[0m23:09:18.864095 [info ] [MainThread]:   schema: dbt_dev
[0m23:09:18.864095 [info ] [MainThread]:   connect_timeout: 10
[0m23:09:18.864095 [info ] [MainThread]:   role: None
[0m23:09:18.865091 [info ] [MainThread]:   search_path: None
[0m23:09:18.865091 [info ] [MainThread]:   keepalives_idle: 0
[0m23:09:18.865091 [info ] [MainThread]:   sslmode: None
[0m23:09:18.865091 [info ] [MainThread]:   sslcert: None
[0m23:09:18.866654 [info ] [MainThread]:   sslkey: None
[0m23:09:18.866654 [info ] [MainThread]:   sslrootcert: None
[0m23:09:18.867655 [info ] [MainThread]:   application_name: dbt
[0m23:09:18.867655 [info ] [MainThread]:   retries: 1
[0m23:09:18.868653 [info ] [MainThread]: Registered adapter: postgres=1.8.2
[0m23:09:18.869649 [debug] [MainThread]: Acquiring new postgres connection 'debug'
[0m23:09:20.996175 [debug] [MainThread]: Using postgres connection "debug"
[0m23:09:20.996175 [debug] [MainThread]: On debug: select 1 as id
[0m23:09:20.997181 [debug] [MainThread]: Opening a new connection, currently in state init
[0m23:09:21.144287 [debug] [MainThread]: SQL status: SELECT 1 in 0.148 seconds
[0m23:09:21.145284 [debug] [MainThread]: On debug: Close
[0m23:09:21.146281 [info ] [MainThread]:   Connection test: [[32mOK connection ok[0m]

[0m23:09:21.147783 [info ] [MainThread]: [31m1 check failed:[0m
[0m23:09:21.263881 [info ] [MainThread]: Project loading failed for the following reason:
 project path <C:\Users\Victo\Desktop\project\dbt\dbt_project.yml> not found

[0m23:09:21.265879 [debug] [MainThread]: Command `dbt debug` failed at 23:09:21.264884 after 2.78 seconds
[0m23:09:21.265879 [debug] [MainThread]: Connection 'debug' was properly closed.
[0m23:09:21.265879 [debug] [MainThread]: Sending event: {'category': 'dbt', 'action': 'invocation', 'label': 'end', 'context': [<snowplow_tracker.self_describing_json.SelfDescribingJson object at 0x00000149BEF56CC0>, <snowplow_tracker.self_describing_json.SelfDescribingJson object at 0x00000149BF9F6BD0>, <snowplow_tracker.self_describing_json.SelfDescribingJson object at 0x00000149BFA72BD0>]}
[0m23:09:21.266875 [debug] [MainThread]: Flushing usage events
[0m23:10:01.853399 [debug] [MainThread]: Sending event: {'category': 'dbt', 'action': 'invocation', 'label': 'start', 'context': [<snowplow_tracker.self_describing_json.SelfDescribingJson object at 0x000001A5D27A6D80>, <snowplow_tracker.self_describing_json.SelfDescribingJson object at 0x000001A5CFD537A0>, <snowplow_tracker.self_describing_json.SelfDescribingJson object at 0x000001A5D2083BC0>]}


============================== 23:10:01.857890 | 31fa9999-29f5-4421-baad-d783a9907c84 ==============================
[0m23:10:01.857890 [info ] [MainThread]: Running with dbt=1.8.3
[0m23:10:01.858889 [debug] [MainThread]: running dbt with arguments {'printer_width': '80', 'indirect_selection': 'eager', 'write_json': 'True', 'log_cache_events': 'False', 'partial_parse': 'True', 'cache_selected_only': 'False', 'profiles_dir': 'C:\\Users\\Victo\\.dbt', 'debug': 'False', 'version_check': 'True', 'log_path': 'logs', 'fail_fast': 'False', 'warn_error': 'None', 'use_colors': 'True', 'use_experimental_parser': 'False', 'empty': 'None', 'quiet': 'False', 'no_print': 'None', 'warn_error_options': 'WarnErrorOptions(include=[], exclude=[])', 'introspect': 'True', 'invocation_command': 'dbt init dbt_models', 'log_format': 'default', 'target_path': 'None', 'static_parser': 'True', 'send_anonymous_usage_stats': 'True'}
[0m23:10:01.876783 [info ] [MainThread]: A project called dbt_models already exists here.
[0m23:10:01.878287 [debug] [MainThread]: Command `dbt init` succeeded at 23:10:01.876783 after 0.11 seconds
[0m23:10:01.878287 [debug] [MainThread]: Sending event: {'category': 'dbt', 'action': 'invocation', 'label': 'end', 'context': [<snowplow_tracker.self_describing_json.SelfDescribingJson object at 0x000001A5D2C271D0>, <snowplow_tracker.self_describing_json.SelfDescribingJson object at 0x000001A5D2926300>, <snowplow_tracker.self_describing_json.SelfDescribingJson object at 0x000001A5D2927B90>]}
[0m23:10:01.878287 [debug] [MainThread]: Flushing usage events
[0m23:10:22.758007 [debug] [MainThread]: Sending event: {'category': 'dbt', 'action': 'invocation', 'label': 'start', 'context': [<snowplow_tracker.self_describing_json.SelfDescribingJson object at 0x000002268C160170>, <snowplow_tracker.self_describing_json.SelfDescribingJson object at 0x000002268C84A210>, <snowplow_tracker.self_describing_json.SelfDescribingJson object at 0x000002268C84A150>]}


============================== 23:10:22.760999 | 654152ae-c45c-4ba0-8a29-e391cabdc3f2 ==============================
[0m23:10:22.760999 [info ] [MainThread]: Running with dbt=1.8.3
[0m23:10:22.763062 [debug] [MainThread]: running dbt with arguments {'printer_width': '80', 'indirect_selection': 'eager', 'log_cache_events': 'False', 'write_json': 'True', 'partial_parse': 'True', 'cache_selected_only': 'False', 'warn_error': 'None', 'version_check': 'True', 'profiles_dir': 'C:\\Users\\Victo\\.dbt', 'log_path': 'logs', 'debug': 'False', 'fail_fast': 'False', 'use_colors': 'True', 'use_experimental_parser': 'False', 'empty': 'None', 'quiet': 'False', 'no_print': 'None', 'warn_error_options': 'WarnErrorOptions(include=[], exclude=[])', 'introspect': 'True', 'static_parser': 'True', 'log_format': 'default', 'target_path': 'None', 'invocation_command': 'dbt init dbt_models_project', 'send_anonymous_usage_stats': 'True'}
[0m23:10:22.779610 [debug] [MainThread]: Starter project path: C:\Users\Victo\Desktop\project\dbt\venv\Lib\site-packages\dbt\include\starter_project
[0m23:10:22.798360 [info ] [MainThread]: 
Your new dbt project "dbt_models_project" was created!

For more information on how to configure the profiles.yml file,
please consult the dbt documentation here:

  https://docs.getdbt.com/docs/configure-your-profile

One more thing:

Need help? Don't hesitate to reach out to us via GitHub issues or on Slack:

  https://community.getdbt.com/

Happy modeling!

[0m23:10:22.799355 [info ] [MainThread]: Setting up your profile.
[0m23:11:28.106774 [info ] [MainThread]: Profile dbt_models_project written to C:\Users\Victo\.dbt\profiles.yml using target's profile_template.yml and your supplied values. Run 'dbt debug' to validate the connection.
[0m23:11:28.107769 [debug] [MainThread]: Command `dbt init` succeeded at 23:11:28.107769 after 65.44 seconds
[0m23:11:28.109273 [debug] [MainThread]: Sending event: {'category': 'dbt', 'action': 'invocation', 'label': 'end', 'context': [<snowplow_tracker.self_describing_json.SelfDescribingJson object at 0x000002268CAFD340>, <snowplow_tracker.self_describing_json.SelfDescribingJson object at 0x000002268C1BE120>, <snowplow_tracker.self_describing_json.SelfDescribingJson object at 0x000002268C13E000>]}
[0m23:11:28.109273 [debug] [MainThread]: Flushing usage events
[0m23:12:35.289309 [debug] [MainThread]: Sending event: {'category': 'dbt', 'action': 'invocation', 'label': 'start', 'context': [<snowplow_tracker.self_describing_json.SelfDescribingJson object at 0x00000285CFAEF500>, <snowplow_tracker.self_describing_json.SelfDescribingJson object at 0x00000285CFFA0170>, <snowplow_tracker.self_describing_json.SelfDescribingJson object at 0x00000285CD634F80>]}


============================== 23:12:35.293838 | dab1af24-43d8-4fdb-aef0-ef3de4bea4a5 ==============================
[0m23:12:35.293838 [info ] [MainThread]: Running with dbt=1.8.3
[0m23:12:35.293838 [debug] [MainThread]: running dbt with arguments {'printer_width': '80', 'indirect_selection': 'eager', 'write_json': 'True', 'log_cache_events': 'False', 'partial_parse': 'True', 'cache_selected_only': 'False', 'profiles_dir': 'C:\\Users\\Victo\\.dbt', 'debug': 'False', 'fail_fast': 'False', 'log_path': 'logs', 'warn_error': 'None', 'version_check': 'True', 'use_colors': 'True', 'use_experimental_parser': 'False', 'no_print': 'None', 'quiet': 'False', 'empty': 'None', 'warn_error_options': 'WarnErrorOptions(include=[], exclude=[])', 'static_parser': 'True', 'invocation_command': 'dbt debug', 'introspect': 'True', 'target_path': 'None', 'log_format': 'default', 'send_anonymous_usage_stats': 'True'}
[0m23:12:35.308822 [info ] [MainThread]: dbt version: 1.8.3
[0m23:12:35.310329 [info ] [MainThread]: python version: 3.12.2
[0m23:12:35.311335 [info ] [MainThread]: python path: C:\Users\Victo\Desktop\project\dbt\venv\Scripts\python.exe
[0m23:12:35.311335 [info ] [MainThread]: os info: Windows-11-10.0.22631-SP0
[0m23:12:35.365055 [info ] [MainThread]: Using profiles dir at C:\Users\Victo\.dbt
[0m23:12:35.366052 [info ] [MainThread]: Using profiles.yml file at C:\Users\Victo\.dbt\profiles.yml
[0m23:12:35.366052 [info ] [MainThread]: Using dbt_project.yml file at C:\Users\Victo\Desktop\project\dbt\dbt_project.yml
[0m23:12:35.367049 [info ] [MainThread]: adapter type: postgres
[0m23:12:35.368048 [info ] [MainThread]: adapter version: 1.8.2
[0m23:12:35.369041 [info ] [MainThread]: Configuration:
[0m23:12:35.370037 [info ] [MainThread]:   profiles.yml file [[32mOK found and valid[0m]
[0m23:12:35.370037 [info ] [MainThread]:   dbt_project.yml file [[31mERROR not found[0m]
[0m23:12:35.370037 [info ] [MainThread]: Required dependencies:
[0m23:12:35.371036 [debug] [MainThread]: Executing "git --help"
[0m23:12:35.399638 [debug] [MainThread]: STDOUT: "b"usage: git [-v | --version] [-h | --help] [-C <path>] [-c <name>=<value>]\n           [--exec-path[=<path>]] [--html-path] [--man-path] [--info-path]\n           [-p | --paginate | -P | --no-pager] [--no-replace-objects] [--bare]\n           [--git-dir=<path>] [--work-tree=<path>] [--namespace=<name>]\n           [--config-env=<name>=<envvar>] <command> [<args>]\n\nThese are common Git commands used in various situations:\n\nstart a working area (see also: git help tutorial)\n   clone     Clone a repository into a new directory\n   init      Create an empty Git repository or reinitialize an existing one\n\nwork on the current change (see also: git help everyday)\n   add       Add file contents to the index\n   mv        Move or rename a file, a directory, or a symlink\n   restore   Restore working tree files\n   rm        Remove files from the working tree and from the index\n\nexamine the history and state (see also: git help revisions)\n   bisect    Use binary search to find the commit that introduced a bug\n   diff      Show changes between commits, commit and working tree, etc\n   grep      Print lines matching a pattern\n   log       Show commit logs\n   show      Show various types of objects\n   status    Show the working tree status\n\ngrow, mark and tweak your common history\n   branch    List, create, or delete branches\n   commit    Record changes to the repository\n   merge     Join two or more development histories together\n   rebase    Reapply commits on top of another base tip\n   reset     Reset current HEAD to the specified state\n   switch    Switch branches\n   tag       Create, list, delete or verify a tag object signed with GPG\n\ncollaborate (see also: git help workflows)\n   fetch     Download objects and refs from another repository\n   pull      Fetch from and integrate with another repository or a local branch\n   push      Update remote refs along with associated objects\n\n'git help -a' and 'git help -g' list available subcommands and some\nconcept guides. See 'git help <command>' or 'git help <concept>'\nto read about a specific subcommand or concept.\nSee 'git help git' for an overview of the system.\n""
[0m23:12:35.400635 [debug] [MainThread]: STDERR: "b''"
[0m23:12:35.400635 [info ] [MainThread]:  - git [[32mOK found[0m]

[0m23:12:35.401631 [info ] [MainThread]: Connection:
[0m23:12:35.401631 [info ] [MainThread]:   host: localhost
[0m23:12:35.402628 [info ] [MainThread]:   port: 5432
[0m23:12:35.403130 [info ] [MainThread]:   user: admin
[0m23:12:35.403130 [info ] [MainThread]:   database: dbt_dev
[0m23:12:35.403130 [info ] [MainThread]:   schema: dbt_dev
[0m23:12:35.404130 [info ] [MainThread]:   connect_timeout: 10
[0m23:12:35.404130 [info ] [MainThread]:   role: None
[0m23:12:35.404130 [info ] [MainThread]:   search_path: None
[0m23:12:35.404130 [info ] [MainThread]:   keepalives_idle: 0
[0m23:12:35.405632 [info ] [MainThread]:   sslmode: None
[0m23:12:35.405632 [info ] [MainThread]:   sslcert: None
[0m23:12:35.406643 [info ] [MainThread]:   sslkey: None
[0m23:12:35.406643 [info ] [MainThread]:   sslrootcert: None
[0m23:12:35.407639 [info ] [MainThread]:   application_name: dbt
[0m23:12:35.407639 [info ] [MainThread]:   retries: 1
[0m23:12:35.408638 [info ] [MainThread]: Registered adapter: postgres=1.8.2
[0m23:12:35.409633 [debug] [MainThread]: Acquiring new postgres connection 'debug'
[0m23:12:35.466843 [debug] [MainThread]: Using postgres connection "debug"
[0m23:12:35.466843 [debug] [MainThread]: On debug: select 1 as id
[0m23:12:35.467840 [debug] [MainThread]: Opening a new connection, currently in state init
[0m23:12:35.520532 [debug] [MainThread]: Postgres adapter: Got a retryable error when attempting to open a postgres connection.
1 attempts remaining. Retrying in 0 seconds.
Error:
connection to server at "localhost" (::1), port 5432 failed: FATAL:  password authentication failed for user "admin"

[0m23:12:35.554707 [debug] [MainThread]: Postgres adapter: Error running SQL: select 1 as id
[0m23:12:35.554707 [debug] [MainThread]: Postgres adapter: Rolling back transaction.
[0m23:12:35.555703 [debug] [MainThread]: On debug: No close available on handle
[0m23:12:35.555703 [info ] [MainThread]:   Connection test: [[31mERROR[0m]

[0m23:12:35.556702 [info ] [MainThread]: [31m2 checks failed:[0m
[0m23:12:35.557697 [info ] [MainThread]: Project loading failed for the following reason:
 project path <C:\Users\Victo\Desktop\project\dbt\dbt_project.yml> not found

[0m23:12:35.557697 [info ] [MainThread]: dbt was unable to connect to the specified database.
The database returned the following error:

  >Database Error
  connection to server at "localhost" (::1), port 5432 failed: FATAL:  password authentication failed for user "admin"
  

Check your database credentials and try again. For more information, visit:
https://docs.getdbt.com/docs/configure-your-profile


[0m23:12:35.559689 [debug] [MainThread]: Command `dbt debug` failed at 23:12:35.559689 after 0.36 seconds
[0m23:12:35.559689 [debug] [MainThread]: Connection 'debug' was properly closed.
[0m23:12:35.560686 [debug] [MainThread]: Sending event: {'category': 'dbt', 'action': 'invocation', 'label': 'end', 'context': [<snowplow_tracker.self_describing_json.SelfDescribingJson object at 0x00000285CFFA0170>, <snowplow_tracker.self_describing_json.SelfDescribingJson object at 0x00000285D0414590>, <snowplow_tracker.self_describing_json.SelfDescribingJson object at 0x00000285D047E4B0>]}
[0m23:12:35.560686 [debug] [MainThread]: Flushing usage events
[0m23:13:51.724731 [debug] [MainThread]: Sending event: {'category': 'dbt', 'action': 'invocation', 'label': 'start', 'context': [<snowplow_tracker.self_describing_json.SelfDescribingJson object at 0x000001698F66AF90>, <snowplow_tracker.self_describing_json.SelfDescribingJson object at 0x000001698FC692B0>, <snowplow_tracker.self_describing_json.SelfDescribingJson object at 0x000001698D73F410>]}


============================== 23:13:51.728717 | 4fed2ec4-60ac-43e6-970c-2defb18434e7 ==============================
[0m23:13:51.728717 [info ] [MainThread]: Running with dbt=1.8.3
[0m23:13:51.728717 [debug] [MainThread]: running dbt with arguments {'printer_width': '80', 'indirect_selection': 'eager', 'write_json': 'True', 'log_cache_events': 'False', 'partial_parse': 'True', 'cache_selected_only': 'False', 'profiles_dir': 'C:\\Users\\Victo\\.dbt', 'debug': 'False', 'version_check': 'True', 'log_path': 'logs', 'fail_fast': 'False', 'warn_error': 'None', 'use_colors': 'True', 'use_experimental_parser': 'False', 'empty': 'None', 'quiet': 'False', 'no_print': 'None', 'log_format': 'default', 'invocation_command': 'dbt debug', 'introspect': 'True', 'static_parser': 'True', 'target_path': 'None', 'warn_error_options': 'WarnErrorOptions(include=[], exclude=[])', 'send_anonymous_usage_stats': 'True'}
[0m23:13:51.744718 [info ] [MainThread]: dbt version: 1.8.3
[0m23:13:51.744718 [info ] [MainThread]: python version: 3.12.2
[0m23:13:51.746222 [info ] [MainThread]: python path: C:\Users\Victo\Desktop\project\dbt\venv\Scripts\python.exe
[0m23:13:51.746222 [info ] [MainThread]: os info: Windows-11-10.0.22631-SP0
[0m23:13:51.799539 [info ] [MainThread]: Using profiles dir at C:\Users\Victo\.dbt
[0m23:13:51.800536 [info ] [MainThread]: Using profiles.yml file at C:\Users\Victo\.dbt\profiles.yml
[0m23:13:51.801532 [info ] [MainThread]: Using dbt_project.yml file at C:\Users\Victo\Desktop\project\dbt\dbt_project.yml
[0m23:13:51.802527 [info ] [MainThread]: adapter type: postgres
[0m23:13:51.803029 [info ] [MainThread]: adapter version: 1.8.2
[0m23:13:51.803029 [info ] [MainThread]: Configuration:
[0m23:13:51.804032 [info ] [MainThread]:   profiles.yml file [[32mOK found and valid[0m]
[0m23:13:51.804032 [info ] [MainThread]:   dbt_project.yml file [[31mERROR not found[0m]
[0m23:13:51.805044 [info ] [MainThread]: Required dependencies:
[0m23:13:51.806044 [debug] [MainThread]: Executing "git --help"
[0m23:13:51.835052 [debug] [MainThread]: STDOUT: "b"usage: git [-v | --version] [-h | --help] [-C <path>] [-c <name>=<value>]\n           [--exec-path[=<path>]] [--html-path] [--man-path] [--info-path]\n           [-p | --paginate | -P | --no-pager] [--no-replace-objects] [--bare]\n           [--git-dir=<path>] [--work-tree=<path>] [--namespace=<name>]\n           [--config-env=<name>=<envvar>] <command> [<args>]\n\nThese are common Git commands used in various situations:\n\nstart a working area (see also: git help tutorial)\n   clone     Clone a repository into a new directory\n   init      Create an empty Git repository or reinitialize an existing one\n\nwork on the current change (see also: git help everyday)\n   add       Add file contents to the index\n   mv        Move or rename a file, a directory, or a symlink\n   restore   Restore working tree files\n   rm        Remove files from the working tree and from the index\n\nexamine the history and state (see also: git help revisions)\n   bisect    Use binary search to find the commit that introduced a bug\n   diff      Show changes between commits, commit and working tree, etc\n   grep      Print lines matching a pattern\n   log       Show commit logs\n   show      Show various types of objects\n   status    Show the working tree status\n\ngrow, mark and tweak your common history\n   branch    List, create, or delete branches\n   commit    Record changes to the repository\n   merge     Join two or more development histories together\n   rebase    Reapply commits on top of another base tip\n   reset     Reset current HEAD to the specified state\n   switch    Switch branches\n   tag       Create, list, delete or verify a tag object signed with GPG\n\ncollaborate (see also: git help workflows)\n   fetch     Download objects and refs from another repository\n   pull      Fetch from and integrate with another repository or a local branch\n   push      Update remote refs along with associated objects\n\n'git help -a' and 'git help -g' list available subcommands and some\nconcept guides. See 'git help <command>' or 'git help <concept>'\nto read about a specific subcommand or concept.\nSee 'git help git' for an overview of the system.\n""
[0m23:13:51.835052 [debug] [MainThread]: STDERR: "b''"
[0m23:13:51.835052 [info ] [MainThread]:  - git [[32mOK found[0m]

[0m23:13:51.836561 [info ] [MainThread]: Connection:
[0m23:13:51.837568 [info ] [MainThread]:   host: localhost
[0m23:13:51.837568 [info ] [MainThread]:   port: 5432
[0m23:13:51.837568 [info ] [MainThread]:   user: admin
[0m23:13:51.838566 [info ] [MainThread]:   database: dbt_dev
[0m23:13:51.838566 [info ] [MainThread]:   schema: dbt_dev
[0m23:13:51.839561 [info ] [MainThread]:   connect_timeout: 10
[0m23:13:51.839561 [info ] [MainThread]:   role: None
[0m23:13:51.840561 [info ] [MainThread]:   search_path: None
[0m23:13:51.840561 [info ] [MainThread]:   keepalives_idle: 0
[0m23:13:51.840561 [info ] [MainThread]:   sslmode: None
[0m23:13:51.841556 [info ] [MainThread]:   sslcert: None
[0m23:13:51.841556 [info ] [MainThread]:   sslkey: None
[0m23:13:51.842552 [info ] [MainThread]:   sslrootcert: None
[0m23:13:51.843056 [info ] [MainThread]:   application_name: dbt
[0m23:13:51.843056 [info ] [MainThread]:   retries: 1
[0m23:13:51.844055 [info ] [MainThread]: Registered adapter: postgres=1.8.2
[0m23:13:51.845052 [debug] [MainThread]: Acquiring new postgres connection 'debug'
[0m23:13:51.896343 [debug] [MainThread]: Using postgres connection "debug"
[0m23:13:51.897352 [debug] [MainThread]: On debug: select 1 as id
[0m23:13:51.898348 [debug] [MainThread]: Opening a new connection, currently in state init
[0m23:13:51.935879 [debug] [MainThread]: Postgres adapter: Got a retryable error when attempting to open a postgres connection.
1 attempts remaining. Retrying in 0 seconds.
Error:
connection to server at "localhost" (::1), port 5432 failed: FATAL:  password authentication failed for user "admin"

[0m23:13:51.965737 [debug] [MainThread]: Postgres adapter: Error running SQL: select 1 as id
[0m23:13:51.965737 [debug] [MainThread]: Postgres adapter: Rolling back transaction.
[0m23:13:51.966734 [debug] [MainThread]: On debug: No close available on handle
[0m23:13:51.966734 [info ] [MainThread]:   Connection test: [[31mERROR[0m]

[0m23:13:51.967733 [info ] [MainThread]: [31m2 checks failed:[0m
[0m23:13:51.967733 [info ] [MainThread]: Project loading failed for the following reason:
 project path <C:\Users\Victo\Desktop\project\dbt\dbt_project.yml> not found

[0m23:13:51.968729 [info ] [MainThread]: dbt was unable to connect to the specified database.
The database returned the following error:

  >Database Error
  connection to server at "localhost" (::1), port 5432 failed: FATAL:  password authentication failed for user "admin"
  

Check your database credentials and try again. For more information, visit:
https://docs.getdbt.com/docs/configure-your-profile


[0m23:13:51.969726 [debug] [MainThread]: Command `dbt debug` failed at 23:13:51.969726 after 0.34 seconds
[0m23:13:51.970722 [debug] [MainThread]: Connection 'debug' was properly closed.
[0m23:13:51.970722 [debug] [MainThread]: Sending event: {'category': 'dbt', 'action': 'invocation', 'label': 'end', 'context': [<snowplow_tracker.self_describing_json.SelfDescribingJson object at 0x000001698F66AF90>, <snowplow_tracker.self_describing_json.SelfDescribingJson object at 0x000001698FF136B0>, <snowplow_tracker.self_describing_json.SelfDescribingJson object at 0x000001698FE41CA0>]}
[0m23:13:51.970722 [debug] [MainThread]: Flushing usage events
[0m23:15:09.994922 [debug] [MainThread]: Sending event: {'category': 'dbt', 'action': 'invocation', 'label': 'start', 'context': [<snowplow_tracker.self_describing_json.SelfDescribingJson object at 0x0000022D6201A8D0>, <snowplow_tracker.self_describing_json.SelfDescribingJson object at 0x0000022D620188C0>, <snowplow_tracker.self_describing_json.SelfDescribingJson object at 0x0000022D61B29040>]}


============================== 23:15:09.998437 | 4ec536dc-6efd-47d5-ae62-69466331181c ==============================
[0m23:15:09.998437 [info ] [MainThread]: Running with dbt=1.8.3
[0m23:15:09.999942 [debug] [MainThread]: running dbt with arguments {'printer_width': '80', 'indirect_selection': 'eager', 'log_cache_events': 'False', 'write_json': 'True', 'partial_parse': 'True', 'cache_selected_only': 'False', 'warn_error': 'None', 'debug': 'False', 'fail_fast': 'False', 'log_path': 'logs', 'profiles_dir': 'C:\\Users\\Victo\\.dbt', 'version_check': 'True', 'use_colors': 'True', 'use_experimental_parser': 'False', 'empty': 'None', 'quiet': 'False', 'no_print': 'None', 'log_format': 'default', 'invocation_command': 'dbt debug', 'static_parser': 'True', 'warn_error_options': 'WarnErrorOptions(include=[], exclude=[])', 'target_path': 'None', 'introspect': 'True', 'send_anonymous_usage_stats': 'True'}
[0m23:15:10.015538 [info ] [MainThread]: dbt version: 1.8.3
[0m23:15:10.016537 [info ] [MainThread]: python version: 3.12.2
[0m23:15:10.016537 [info ] [MainThread]: python path: C:\Users\Victo\Desktop\project\dbt\venv\Scripts\python.exe
[0m23:15:10.017535 [info ] [MainThread]: os info: Windows-11-10.0.22631-SP0
[0m23:15:10.071529 [info ] [MainThread]: Using profiles dir at C:\Users\Victo\.dbt
[0m23:15:10.072526 [info ] [MainThread]: Using profiles.yml file at C:\Users\Victo\.dbt\profiles.yml
[0m23:15:10.073031 [info ] [MainThread]: Using dbt_project.yml file at C:\Users\Victo\Desktop\project\dbt\dbt_project.yml
[0m23:15:10.074034 [info ] [MainThread]: adapter type: postgres
[0m23:15:10.074034 [info ] [MainThread]: adapter version: 1.8.2
[0m23:15:10.075035 [info ] [MainThread]: Configuration:
[0m23:15:10.075035 [info ] [MainThread]:   profiles.yml file [[32mOK found and valid[0m]
[0m23:15:10.076031 [info ] [MainThread]:   dbt_project.yml file [[31mERROR not found[0m]
[0m23:15:10.076031 [info ] [MainThread]: Required dependencies:
[0m23:15:10.076031 [debug] [MainThread]: Executing "git --help"
[0m23:15:10.104032 [debug] [MainThread]: STDOUT: "b"usage: git [-v | --version] [-h | --help] [-C <path>] [-c <name>=<value>]\n           [--exec-path[=<path>]] [--html-path] [--man-path] [--info-path]\n           [-p | --paginate | -P | --no-pager] [--no-replace-objects] [--bare]\n           [--git-dir=<path>] [--work-tree=<path>] [--namespace=<name>]\n           [--config-env=<name>=<envvar>] <command> [<args>]\n\nThese are common Git commands used in various situations:\n\nstart a working area (see also: git help tutorial)\n   clone     Clone a repository into a new directory\n   init      Create an empty Git repository or reinitialize an existing one\n\nwork on the current change (see also: git help everyday)\n   add       Add file contents to the index\n   mv        Move or rename a file, a directory, or a symlink\n   restore   Restore working tree files\n   rm        Remove files from the working tree and from the index\n\nexamine the history and state (see also: git help revisions)\n   bisect    Use binary search to find the commit that introduced a bug\n   diff      Show changes between commits, commit and working tree, etc\n   grep      Print lines matching a pattern\n   log       Show commit logs\n   show      Show various types of objects\n   status    Show the working tree status\n\ngrow, mark and tweak your common history\n   branch    List, create, or delete branches\n   commit    Record changes to the repository\n   merge     Join two or more development histories together\n   rebase    Reapply commits on top of another base tip\n   reset     Reset current HEAD to the specified state\n   switch    Switch branches\n   tag       Create, list, delete or verify a tag object signed with GPG\n\ncollaborate (see also: git help workflows)\n   fetch     Download objects and refs from another repository\n   pull      Fetch from and integrate with another repository or a local branch\n   push      Update remote refs along with associated objects\n\n'git help -a' and 'git help -g' list available subcommands and some\nconcept guides. See 'git help <command>' or 'git help <concept>'\nto read about a specific subcommand or concept.\nSee 'git help git' for an overview of the system.\n""
[0m23:15:10.104032 [debug] [MainThread]: STDERR: "b''"
[0m23:15:10.105534 [info ] [MainThread]:  - git [[32mOK found[0m]

[0m23:15:10.106539 [info ] [MainThread]: Connection:
[0m23:15:10.106539 [info ] [MainThread]:   host: localhost
[0m23:15:10.107538 [info ] [MainThread]:   port: 5432
[0m23:15:10.107538 [info ] [MainThread]:   user: postgres
[0m23:15:10.108534 [info ] [MainThread]:   database: dbt_dev
[0m23:15:10.108534 [info ] [MainThread]:   schema: dbt_dev
[0m23:15:10.109530 [info ] [MainThread]:   connect_timeout: 10
[0m23:15:10.109530 [info ] [MainThread]:   role: None
[0m23:15:10.110525 [info ] [MainThread]:   search_path: None
[0m23:15:10.110525 [info ] [MainThread]:   keepalives_idle: 0
[0m23:15:10.111522 [info ] [MainThread]:   sslmode: None
[0m23:15:10.111522 [info ] [MainThread]:   sslcert: None
[0m23:15:10.112521 [info ] [MainThread]:   sslkey: None
[0m23:15:10.113094 [info ] [MainThread]:   sslrootcert: None
[0m23:15:10.113094 [info ] [MainThread]:   application_name: dbt
[0m23:15:10.114093 [info ] [MainThread]:   retries: 1
[0m23:15:10.114093 [info ] [MainThread]: Registered adapter: postgres=1.8.2
[0m23:15:10.115092 [debug] [MainThread]: Acquiring new postgres connection 'debug'
[0m23:15:10.184090 [debug] [MainThread]: Using postgres connection "debug"
[0m23:15:10.184090 [debug] [MainThread]: On debug: select 1 as id
[0m23:15:10.185089 [debug] [MainThread]: Opening a new connection, currently in state init
[0m23:15:10.226150 [debug] [MainThread]: SQL status: SELECT 1 in 0.042 seconds
[0m23:15:10.227147 [debug] [MainThread]: On debug: Close
[0m23:15:10.228144 [info ] [MainThread]:   Connection test: [[32mOK connection ok[0m]

[0m23:15:10.228144 [info ] [MainThread]: [31m1 check failed:[0m
[0m23:15:10.229649 [info ] [MainThread]: Project loading failed for the following reason:
 project path <C:\Users\Victo\Desktop\project\dbt\dbt_project.yml> not found

[0m23:15:10.230676 [debug] [MainThread]: Command `dbt debug` failed at 23:15:10.230676 after 0.34 seconds
[0m23:15:10.231681 [debug] [MainThread]: Connection 'debug' was properly closed.
[0m23:15:10.231681 [debug] [MainThread]: Sending event: {'category': 'dbt', 'action': 'invocation', 'label': 'end', 'context': [<snowplow_tracker.self_describing_json.SelfDescribingJson object at 0x0000022D62AE7FB0>, <snowplow_tracker.self_describing_json.SelfDescribingJson object at 0x0000022D62CF6BA0>, <snowplow_tracker.self_describing_json.SelfDescribingJson object at 0x0000022D63327E90>]}
[0m23:15:10.232677 [debug] [MainThread]: Flushing usage events
[0m11:55:31.696990 [debug] [MainThread]: Sending event: {'category': 'dbt', 'action': 'invocation', 'label': 'start', 'context': [<snowplow_tracker.self_describing_json.SelfDescribingJson object at 0x000002C380DA36B0>, <snowplow_tracker.self_describing_json.SelfDescribingJson object at 0x000002C38352FE00>, <snowplow_tracker.self_describing_json.SelfDescribingJson object at 0x000002C3FFF2EC30>]}


============================== 11:55:31.702970 | 5207f852-4062-44cb-a229-0a232dfd1a6c ==============================
[0m11:55:31.702970 [info ] [MainThread]: Running with dbt=1.8.3
[0m11:55:31.702970 [debug] [MainThread]: running dbt with arguments {'printer_width': '80', 'indirect_selection': 'eager', 'write_json': 'True', 'log_cache_events': 'False', 'partial_parse': 'True', 'cache_selected_only': 'False', 'warn_error': 'None', 'version_check': 'True', 'profiles_dir': 'C:\\Users\\Victo\\.dbt', 'log_path': 'logs', 'fail_fast': 'False', 'debug': 'False', 'use_colors': 'True', 'use_experimental_parser': 'False', 'no_print': 'None', 'quiet': 'False', 'empty': 'False', 'log_format': 'default', 'introspect': 'True', 'warn_error_options': 'WarnErrorOptions(include=[], exclude=[])', 'static_parser': 'True', 'target_path': 'None', 'invocation_command': 'dbt run -m staging_livraria_usuario', 'send_anonymous_usage_stats': 'True'}
[0m11:55:31.703965 [error] [MainThread]: Encountered an error:
Runtime Error
  No dbt_project.yml found at expected path C:\Users\Victo\Desktop\project\dbt\dbt_project.yml
  Verify that each entry within packages.yml (and their transitive dependencies) contains a file named dbt_project.yml
  
[0m11:55:31.704964 [debug] [MainThread]: Command `dbt run` failed at 11:55:31.704964 after 0.10 seconds
[0m11:55:31.704964 [debug] [MainThread]: Sending event: {'category': 'dbt', 'action': 'invocation', 'label': 'end', 'context': [<snowplow_tracker.self_describing_json.SelfDescribingJson object at 0x000002C383669F70>, <snowplow_tracker.self_describing_json.SelfDescribingJson object at 0x000002C3837D1E20>, <snowplow_tracker.self_describing_json.SelfDescribingJson object at 0x000002C380DA36B0>]}
[0m11:55:31.705959 [debug] [MainThread]: Flushing usage events
